Using pre-set license
Built from '2022.3/staging' branch; Version is '2022.3.9f1 (ea401c316338) revision 15351836'; Using compiler version '192829333'; Build Type 'Release'
OS: 'Windows 11  (10.0.22631) 64bit CoreSingleLanguage' Language: 'en' Physical Memory: 15773 MB
BatchMode: 1, IsHumanControllingUs: 0, StartBugReporterOnCrash: 0, Is64bit: 1, IsPro: 1

COMMAND LINE ARGUMENTS:
C:\Program Files\Unity\Hub\Editor\2022.3.9f1\Editor\Unity.exe
-adb2
-batchMode
-noUpm
-name
AssetImportWorker1
-projectPath
C:/Users/priya/Downloads/3D-Chess-Unity
-logFile
Logs/AssetImportWorker1.log
-srvPort
63576
Successfully changed project path to: C:/Users/priya/Downloads/3D-Chess-Unity
C:/Users/priya/Downloads/3D-Chess-Unity
[UnityMemory] Configuration Parameters - Can be set up in boot.config
    "memorysetup-bucket-allocator-granularity=16"
    "memorysetup-bucket-allocator-bucket-count=8"
    "memorysetup-bucket-allocator-block-size=33554432"
    "memorysetup-bucket-allocator-block-count=8"
    "memorysetup-main-allocator-block-size=16777216"
    "memorysetup-thread-allocator-block-size=16777216"
    "memorysetup-gfx-main-allocator-block-size=16777216"
    "memorysetup-gfx-thread-allocator-block-size=16777216"
    "memorysetup-cache-allocator-block-size=4194304"
    "memorysetup-typetree-allocator-block-size=2097152"
    "memorysetup-profiler-bucket-allocator-granularity=16"
    "memorysetup-profiler-bucket-allocator-bucket-count=8"
    "memorysetup-profiler-bucket-allocator-block-size=33554432"
    "memorysetup-profiler-bucket-allocator-block-count=8"
    "memorysetup-profiler-allocator-block-size=16777216"
    "memorysetup-profiler-editor-allocator-block-size=1048576"
    "memorysetup-temp-allocator-size-main=16777216"
    "memorysetup-job-temp-allocator-block-size=2097152"
    "memorysetup-job-temp-allocator-block-size-background=1048576"
    "memorysetup-job-temp-allocator-reduction-small-platforms=262144"
    "memorysetup-allocator-temp-initial-block-size-main=262144"
    "memorysetup-allocator-temp-initial-block-size-worker=262144"
    "memorysetup-temp-allocator-size-background-worker=32768"
    "memorysetup-temp-allocator-size-job-worker=262144"
    "memorysetup-temp-allocator-size-preload-manager=33554432"
    "memorysetup-temp-allocator-size-nav-mesh-worker=65536"
    "memorysetup-temp-allocator-size-audio-worker=65536"
    "memorysetup-temp-allocator-size-cloud-worker=32768"
    "memorysetup-temp-allocator-size-gi-baking-worker=262144"
    "memorysetup-temp-allocator-size-gfx=262144"
Player connection [32224] Host "[IP] 192.168.1.60 [Port] 0 [Flags] 2 [Guid] 2979300113 [EditorId] 2979300113 [Version] 1048832 [Id] WindowsEditor(7,Chariot) [Debug] 1 [PackageName] WindowsEditor [ProjectName] Editor" joined multi-casting on [225.0.0.222:54997]...

Player connection [32224] Host "[IP] 192.168.1.60 [Port] 0 [Flags] 2 [Guid] 2979300113 [EditorId] 2979300113 [Version] 1048832 [Id] WindowsEditor(7,Chariot) [Debug] 1 [PackageName] WindowsEditor [ProjectName] Editor" joined alternative multi-casting on [225.0.0.222:34997]...

[Physics::Module] Initialized MultithreadedJobDispatcher with 11 workers.
Refreshing native plugins compatible for Editor in 29.76 ms, found 11 plugins.
Preloading 0 native plugins for Editor in 0.00 ms.
Initialize engine version: 2022.3.9f1 (ea401c316338)
[Subsystems] Discovering subsystems at path C:/Program Files/Unity/Hub/Editor/2022.3.9f1/Editor/Data/Resources/UnitySubsystems
[Subsystems] Discovering subsystems at path C:/Users/priya/Downloads/3D-Chess-Unity/Assets
GfxDevice: creating device client; threaded=0; jobified=0
Direct3D:
    Version:  Direct3D 11.0 [level 11.1]
    Renderer: NVIDIA GeForce RTX 2050 (ID=0x25ad)
    Vendor:   NVIDIA
    VRAM:     3977 MB
    Driver:   31.0.15.2883
Initialize mono
Mono path[0] = 'C:/Program Files/Unity/Hub/Editor/2022.3.9f1/Editor/Data/Managed'
Mono path[1] = 'C:/Program Files/Unity/Hub/Editor/2022.3.9f1/Editor/Data/MonoBleedingEdge/lib/mono/unityjit-win32'
Mono config path = 'C:/Program Files/Unity/Hub/Editor/2022.3.9f1/Editor/Data/MonoBleedingEdge/etc'
Using monoOptions --debugger-agent=transport=dt_socket,embedding=1,server=y,suspend=n,address=127.0.0.1:56912
Begin MonoManager ReloadAssembly
Registering precompiled unity dll's ...
Trying to register platform support module: C:/Program Files/Unity/Hub/Editor/2022.3.9f1/Editor/Data/PlaybackEngines/AndroidPlayer/UnityEditor.Android.Extensions.dll (that doesn't exist). Retrying without overrides.
Platform support module is not available: C:/Program Files/Unity/Hub/Editor/2022.3.9f1/Editor/Data/PlaybackEngines/AndroidPlayer/UnityEditor.Android.Extensions.dll
Register platform support module: C:/Program Files/Unity/Hub/Editor/2022.3.9f1/Editor/Data/PlaybackEngines/WindowsStandaloneSupport/UnityEditor.WindowsStandalone.Extensions.dll
Registered in 0.012301 seconds.
- Loaded All Assemblies, in  0.527 seconds
Native extension for WindowsStandalone target not found
Mono: successfully reloaded assembly
- Finished resetting the current domain, in  0.335 seconds
Domain Reload Profiling: 860ms
	BeginReloadAssembly (172ms)
		ExecutionOrderSort (0ms)
		DisableScriptedObjects (0ms)
		BackupInstance (0ms)
		ReleaseScriptingObjects (0ms)
		CreateAndSetChildDomain (1ms)
	RebuildCommonClasses (51ms)
	RebuildNativeTypeToScriptingClass (15ms)
	initialDomainReloadingComplete (84ms)
	LoadAllAssembliesAndSetupDomain (203ms)
		LoadAssemblies (169ms)
		RebuildTransferFunctionScriptingTraits (0ms)
		AnalyzeDomain (200ms)
			TypeCache.Refresh (199ms)
				TypeCache.ScanAssembly (183ms)
			ScanForSourceGeneratedMonoScriptInfo (1ms)
			ResolveRequiredComponents (1ms)
	FinalizeReload (336ms)
		ReleaseScriptCaches (0ms)
		RebuildScriptCaches (0ms)
		SetupLoadedEditorAssemblies (262ms)
			LogAssemblyErrors (0ms)
			InitializePlatformSupportModulesInManaged (13ms)
			SetLoadedEditorAssemblies (10ms)
			RefreshPlugins (0ms)
			BeforeProcessingInitializeOnLoad (3ms)
			ProcessInitializeOnLoadAttributes (168ms)
			ProcessInitializeOnLoadMethodAttributes (68ms)
			AfterProcessingInitializeOnLoad (0ms)
			EditorAssembliesLoaded (0ms)
		ExecutionOrderSort2 (0ms)
		AwakeInstancesAfterBackupRestoration (0ms)
========================================================================
Worker process is ready to serve import requests
Begin MonoManager ReloadAssembly
Symbol file LoadedFromMemory is not a mono symbol file
- Loaded All Assemblies, in  1.011 seconds
Refreshing native plugins compatible for Editor in 25.00 ms, found 11 plugins.
Native extension for WindowsStandalone target not found
Package Manager log level set to [2]
[Package Manager] Server::EnsureServerProcessIsRunning -- launch failed, reason: Unity was launched with the -noUpm command-line argument
[Package Manager] UpmClient::Send -- Unable to send message (not connected to UPM process).
[Package Manager] Cannot connect to Unity Package Manager local server
System.Exception: Error! Visual Scripting: couldn't find visual scripting package
  at Unity.VisualScripting.PackageVersionUtility.get_version () [0x00043] in .\Library\PackageCache\com.unity.visualscripting@1.9.1\Editor\VisualScripting.Core\Utilities\PackageVersionUtility.cs:31 
  at Unity.VisualScripting.BoltCoreManifest.get_version () [0x00000] in .\Library\PackageCache\com.unity.visualscripting@1.9.1\Editor\VisualScripting.Core\Plugin\BoltCoreManifest.cs:11 
  at Unity.VisualScripting.PluginManifest.get_currentVersion () [0x00000] in .\Library\PackageCache\com.unity.visualscripting@1.9.1\Editor\VisualScripting.Core\Plugins\PluginManifest.cs:33 
  at Unity.VisualScripting.PluginManifest.get_versionMismatch () [0x00000] in .\Library\PackageCache\com.unity.visualscripting@1.9.1\Editor\VisualScripting.Core\Plugins\PluginManifest.cs:48 
  at Unity.VisualScripting.PluginContainer.Initialize () [0x00525] in .\Library\PackageCache\com.unity.visualscripting@1.9.1\Editor\VisualScripting.Core\Plugins\PluginContainer.cs:208 
  at Unity.VisualScripting.PluginContainer.InitializeOnLoad () [0x00009] in .\Library\PackageCache\com.unity.visualscripting@1.9.1\Editor\VisualScripting.Core\Plugins\PluginContainer.cs:32 
  at Unity.VisualScripting.VSUsageUtility.DoInitializeOnLoadCalls () [0x00034] in .\Library\PackageCache\com.unity.visualscripting@1.9.1\Editor\VisualScripting.Core\Utilities\VSUsageUtility.cs:76 
  at Unity.VisualScripting.VSUsageUtility.set_isVisualScriptingUsed (System.Boolean value) [0x0002c] in .\Library\PackageCache\com.unity.visualscripting@1.9.1\Editor\VisualScripting.Core\Utilities\VSUsageUtility.cs:114 
  at Unity.VisualScripting.VSUsageUtility.CheckAndSetIsVisualScriptingUsed () [0x00032] in .\Library\PackageCache\com.unity.visualscripting@1.9.1\Editor\VisualScripting.Core\Utilities\VSUsageUtility.cs:48 
  at Unity.VisualScripting.VSUsageUtility..cctor () [0x00000] in .\Library\PackageCache\com.unity.visualscripting@1.9.1\Editor\VisualScripting.Core\Utilities\VSUsageUtility.cs:22 
UnityEngine.StackTraceUtility:ExtractStackTrace ()
UnityEngine.DebugLogHandler:LogFormat (UnityEngine.LogType,UnityEngine.Object,string,object[])
UnityEngine.Logger:Log (UnityEngine.LogType,object)
UnityEngine.Debug:LogError (object)
UnityEditor.EditorAssemblies:ProcessInitializeOnLoadAttributes (System.Type[])

[Package Manager] Server::EnsureServerProcessIsRunning -- launch failed, reason: Unity was launched with the -noUpm command-line argument
[Package Manager] UpmClient::Send -- Unable to send message (not connected to UPM process).
[Package Manager] Cannot connect to Unity Package Manager local server
Mono: successfully reloaded assembly
[Package Manager] Server::EnsureServerProcessIsRunning -- launch failed, reason: Unity was launched with the -noUpm command-line argument
[Package Manager] UpmClient::Send -- Unable to send message (not connected to UPM process).
[Package Manager] Cannot connect to Unity Package Manager local server
[Package Manager] Server::EnsureServerProcessIsRunning -- launch failed, reason: Unity was launched with the -noUpm command-line argument
[Package Manager] UpmClient::Send -- Unable to send message (not connected to UPM process).
[Package Manager] Cannot connect to Unity Package Manager local server
- Finished resetting the current domain, in  2.332 seconds
Domain Reload Profiling: 3337ms
	BeginReloadAssembly (163ms)
		ExecutionOrderSort (0ms)
		DisableScriptedObjects (7ms)
		BackupInstance (0ms)
		ReleaseScriptingObjects (0ms)
		CreateAndSetChildDomain (26ms)
	RebuildCommonClasses (37ms)
	RebuildNativeTypeToScriptingClass (10ms)
	initialDomainReloadingComplete (80ms)
	LoadAllAssembliesAndSetupDomain (714ms)
		LoadAssemblies (456ms)
		RebuildTransferFunctionScriptingTraits (0ms)
		AnalyzeDomain (353ms)
			TypeCache.Refresh (295ms)
				TypeCache.ScanAssembly (269ms)
			ScanForSourceGeneratedMonoScriptInfo (41ms)
			ResolveRequiredComponents (15ms)
	FinalizeReload (2333ms)
		ReleaseScriptCaches (0ms)
		RebuildScriptCaches (0ms)
		SetupLoadedEditorAssemblies (2133ms)
			LogAssemblyErrors (0ms)
			InitializePlatformSupportModulesInManaged (8ms)
			SetLoadedEditorAssemblies (7ms)
			RefreshPlugins (0ms)
			BeforeProcessingInitializeOnLoad (128ms)
			ProcessInitializeOnLoadAttributes (876ms)
			ProcessInitializeOnLoadMethodAttributes (1105ms)
			AfterProcessingInitializeOnLoad (7ms)
			EditorAssembliesLoaded (1ms)
		ExecutionOrderSort2 (0ms)
		AwakeInstancesAfterBackupRestoration (7ms)
Launched and connected shader compiler UnityShaderCompiler.exe after 0.06 seconds
Refreshing native plugins compatible for Editor in 23.19 ms, found 11 plugins.
Preloading 0 native plugins for Editor in 0.00 ms.
Unloading 7816 Unused Serialized files (Serialized files now loaded: 0)
Unloading 370 unused Assets / (4.6 MB). Loaded Objects now: 8029.
Memory consumption went from 318.5 MB to 313.9 MB.
Total: 21.645700 ms (FindLiveObjects: 0.568500 ms CreateObjectMapping: 0.276500 ms MarkObjects: 18.441100 ms  DeleteObjects: 2.358200 ms)

AssetImportParameters requested are different than current active one (requested -> active):
  custom:container-demuxer-ogg: 62fdf1f143b41e24485cea50d1cbac27 -> 
  custom:framework-win-MediaFoundation: 216162199b28c13a410421893ffa2e32 -> 
  custom:container-muxer-webm: aa71ff27fc2769a1b78a27578f13a17b -> 
  custom:video-decoder-webm-vp8: 9c59270c3fd7afecdb556c50c9e8de78 -> 
  custom:SearchIndexIgnoredProperties: e643bd26f0fe6173181afceb89e7c659 -> 
  custom:AudioImporter_EditorPlatform: d09bf68614088b80899f8185d706f6e7 -> 
  custom:audio-decoder-ogg-vorbis: bf7c407c2cedff20999df2af8eb42d56 -> 
  custom:audio-encoder-webm-vorbis: bf7c407c2cedff20999df2af8eb42d56 -> 
  custom:video-decoder-ogg-theora: a1e56fd34408186e4bbccfd4996cb3dc -> 
  custom:CustomObjectIndexerAttribute: d54d2f2da18e7612c182cf67624b6b12 -> 
  custom:container-demuxer-webm: 4f35f7cbe854078d1ac9338744f61a02 -> 
  custom:video-encoder-webm-vp8: eb34c28f22e8b96e1ab97ce403110664 -> 
========================================================================
Received Import Request.
  Time since last request: 186813.635364 seconds.
  path: Assets/_ARPortal/Prefabs/Worlds/WitchesHut/EscapeRoom/Props/BookRed.prefab
  artifactKey: Guid(f125cb860e3b1e44585ab587487f3e98) Importer(815301076,1909f56bfc062723c751e8b465ee728b)
Start importing Assets/_ARPortal/Prefabs/Worlds/WitchesHut/EscapeRoom/Props/BookRed.prefab using Guid(f125cb860e3b1e44585ab587487f3e98) Importer(815301076,1909f56bfc062723c751e8b465ee728b)  -> (artifact id: 'b413f14b23678e8c9a0640ec816cae30') in 0.602240 seconds
Number of updated asset objects reloaded before import = 0
Number of asset objects unloaded after import = 20
========================================================================
Received Import Request.
  Time since last request: 0.000033 seconds.
  path: Assets/_ARPortal/Source Files/Models/Witcheshut/BookGreen.fbx
  artifactKey: Guid(8bf410868a62ffd49834417a557e760c) Importer(815301076,1909f56bfc062723c751e8b465ee728b)
Start importing Assets/_ARPortal/Source Files/Models/Witcheshut/BookGreen.fbx using Guid(8bf410868a62ffd49834417a557e760c) Importer(815301076,1909f56bfc062723c751e8b465ee728b)  -> (artifact id: '18b129c4595a142da016688433ce3a7e') in 0.215453 seconds
Number of updated asset objects reloaded before import = 0
Number of asset objects unloaded after import = 11
========================================================================
Received Import Request.
  Time since last request: 0.000029 seconds.
  path: Assets/_ARPortal/Source Files/Models/Witcheshut/BookRed.fbx
  artifactKey: Guid(f0e429f9867e60a4bb625920c1d9a937) Importer(815301076,1909f56bfc062723c751e8b465ee728b)
Start importing Assets/_ARPortal/Source Files/Models/Witcheshut/BookRed.fbx using Guid(f0e429f9867e60a4bb625920c1d9a937) Importer(815301076,1909f56bfc062723c751e8b465ee728b)  -> (artifact id: '446c3a191b2ca82eeb85a11511171f5b') in 0.013334 seconds
Number of updated asset objects reloaded before import = 0
Number of asset objects unloaded after import = 11
========================================================================
Received Import Request.
  Time since last request: 0.000039 seconds.
  path: Assets/_ARPortal/Prefabs/Worlds/WitchesHut/EscapeRoom/BookOfSpells.prefab
  artifactKey: Guid(942fad8a26445c44596b9797de96bc39) Importer(815301076,1909f56bfc062723c751e8b465ee728b)
Start importing Assets/_ARPortal/Prefabs/Worlds/WitchesHut/EscapeRoom/BookOfSpells.prefab using Guid(942fad8a26445c44596b9797de96bc39) Importer(815301076,1909f56bfc062723c751e8b465ee728b)  -> (artifact id: '088a218291f08e42dbba9fd5b35ea2e5') in 0.284478 seconds
Number of updated asset objects reloaded before import = 0
Number of asset objects unloaded after import = 63
========================================================================
Received Import Request.
  Time since last request: 0.000021 seconds.
  path: Assets/_ARPortal/Source Files/Models/JohnLemon/Bedroom/Bed.FBX
  artifactKey: Guid(eede23dbd9838a3408d728dbd8496a8c) Importer(815301076,1909f56bfc062723c751e8b465ee728b)
Start importing Assets/_ARPortal/Source Files/Models/JohnLemon/Bedroom/Bed.FBX using Guid(eede23dbd9838a3408d728dbd8496a8c) Importer(815301076,1909f56bfc062723c751e8b465ee728b)  -> (artifact id: 'ec613b39170e421911d39e9cc55891e6') in 0.378729 seconds
Number of updated asset objects reloaded before import = 0
Number of asset objects unloaded after import = 13
========================================================================
Received Import Request.
  Time since last request: 0.000029 seconds.
  path: Assets/_ARPortal/Prefabs/Worlds/JohnLemon/Environment/Bedroom/Bed.prefab
  artifactKey: Guid(645ef604d3d32e045b044529dbc554af) Importer(815301076,1909f56bfc062723c751e8b465ee728b)
Start importing Assets/_ARPortal/Prefabs/Worlds/JohnLemon/Environment/Bedroom/Bed.prefab using Guid(645ef604d3d32e045b044529dbc554af) Importer(815301076,1909f56bfc062723c751e8b465ee728b)  -> (artifact id: 'e470a1b52c5a90f76dd4f0a9524eb3aa') in 0.019953 seconds
Number of updated asset objects reloaded before import = 0
Number of asset objects unloaded after import = 14
========================================================================
Received Import Request.
  Time since last request: 0.000024 seconds.
  path: Assets/_ARPortal/Source Files/Models/Witcheshut/BookBrown.fbx
  artifactKey: Guid(69d25300cfe0ff34cab94eabf22210ea) Importer(815301076,1909f56bfc062723c751e8b465ee728b)
Start importing Assets/_ARPortal/Source Files/Models/Witcheshut/BookBrown.fbx using Guid(69d25300cfe0ff34cab94eabf22210ea) Importer(815301076,1909f56bfc062723c751e8b465ee728b)  -> (artifact id: '0adc05223c0b2a8215dd990ca106e415') in 0.025660 seconds
Number of updated asset objects reloaded before import = 0
Number of asset objects unloaded after import = 11
========================================================================
Received Import Request.
  Time since last request: 0.000028 seconds.
  path: Assets/_ARPortal/Prefabs/Worlds/WitchesHut/EscapeRoom/Props/BookBlue.prefab
  artifactKey: Guid(339cc9ba45d1b734d851fe10664b090a) Importer(815301076,1909f56bfc062723c751e8b465ee728b)
Start importing Assets/_ARPortal/Prefabs/Worlds/WitchesHut/EscapeRoom/Props/BookBlue.prefab using Guid(339cc9ba45d1b734d851fe10664b090a) Importer(815301076,1909f56bfc062723c751e8b465ee728b)  -> (artifact id: '1f18bfef3472d7123e3cda3f835033fd') in 0.019825 seconds
Number of updated asset objects reloaded before import = 0
Number of asset objects unloaded after import = 20
========================================================================
Received Import Request.
  Time since last request: 0.000017 seconds.
  path: Assets/_ARPortal/Prefabs/Worlds/JohnLemon/Environment/Bedroom/Bedside_Table.prefab
  artifactKey: Guid(c68b0496eaa4e75479451d4c408f629c) Importer(815301076,1909f56bfc062723c751e8b465ee728b)
Start importing Assets/_ARPortal/Prefabs/Worlds/JohnLemon/Environment/Bedroom/Bedside_Table.prefab using Guid(c68b0496eaa4e75479451d4c408f629c) Importer(815301076,1909f56bfc062723c751e8b465ee728b)  -> (artifact id: '31f563fdea0e4c170c5f4efdb9520ba7') in 0.017055 seconds
Number of updated asset objects reloaded before import = 0
Number of asset objects unloaded after import = 14
========================================================================
Received Import Request.
  Time since last request: 0.000018 seconds.
  path: Assets/Prefabs/Black_Pawn.prefab
  artifactKey: Guid(49537dafe011879469dc1a1d27fc9519) Importer(815301076,1909f56bfc062723c751e8b465ee728b)
Start importing Assets/Prefabs/Black_Pawn.prefab using Guid(49537dafe011879469dc1a1d27fc9519) Importer(815301076,1909f56bfc062723c751e8b465ee728b)  -> (artifact id: 'ec018f04478dc2a8026b6a1d481c4798') in 0.235948 seconds
Number of updated asset objects reloaded before import = 0
Number of asset objects unloaded after import = 13
========================================================================
Received Import Request.
  Time since last request: 60.603188 seconds.
  path: Assets/_ARPortal/Source Files/Models/LibraryStreet/Environment/Building.fbx
  artifactKey: Guid(34aea5bb652b70d4bb71a20e45847a29) Importer(815301076,1909f56bfc062723c751e8b465ee728b)
Start importing Assets/_ARPortal/Source Files/Models/LibraryStreet/Environment/Building.fbx using Guid(34aea5bb652b70d4bb71a20e45847a29) Importer(815301076,1909f56bfc062723c751e8b465ee728b)  -> (artifact id: '08141f3b480ab2d32a4d630c38c55a30') in 0.243685 seconds
Number of updated asset objects reloaded before import = 0
Number of asset objects unloaded after import = 9
========================================================================
Received Import Request.
  Time since last request: 0.500759 seconds.
  path: Assets/_ARPortal/Prefabs/Worlds/JohnLemon/VFX/CandleFlame.prefab
  artifactKey: Guid(a24956b5a0e552047a522ea09e794d95) Importer(815301076,1909f56bfc062723c751e8b465ee728b)
Start importing Assets/_ARPortal/Prefabs/Worlds/JohnLemon/VFX/CandleFlame.prefab using Guid(a24956b5a0e552047a522ea09e794d95) Importer(815301076,1909f56bfc062723c751e8b465ee728b)  -> (artifact id: '5759e841ff6822df19ed359d50299a46') in 0.093039 seconds
Number of updated asset objects reloaded before import = 0
Number of asset objects unloaded after import = 9
========================================================================
Received Import Request.
  Time since last request: 0.000018 seconds.
  path: Assets/_ARPortal/Source Files/Models/JohnLemon/Corridor/CeilingPlane.fbx
  artifactKey: Guid(4aa23393587d7204bbc9f4a30599bf61) Importer(815301076,1909f56bfc062723c751e8b465ee728b)
Start importing Assets/_ARPortal/Source Files/Models/JohnLemon/Corridor/CeilingPlane.fbx using Guid(4aa23393587d7204bbc9f4a30599bf61) Importer(815301076,1909f56bfc062723c751e8b465ee728b)  -> (artifact id: '599cb70902199d83ad7cf558fb4c9ef7') in 0.018873 seconds
Number of updated asset objects reloaded before import = 0
Number of asset objects unloaded after import = 9
========================================================================
Received Import Request.
  Time since last request: 0.000022 seconds.
  path: Assets/_ARPortal/Source Files/Models/Witcheshut/CauldronPipe.fbx
  artifactKey: Guid(ad77cbe223d0f5e459175facc032b464) Importer(815301076,1909f56bfc062723c751e8b465ee728b)
Start importing Assets/_ARPortal/Source Files/Models/Witcheshut/CauldronPipe.fbx using Guid(ad77cbe223d0f5e459175facc032b464) Importer(815301076,1909f56bfc062723c751e8b465ee728b)  -> (artifact id: 'f45ed80f6a300fdf81d14c99cd271cff') in 0.017806 seconds
Number of updated asset objects reloaded before import = 0
Number of asset objects unloaded after import = 13
========================================================================
Received Import Request.
  Time since last request: 0.000025 seconds.
  path: Assets/_ARPortal/Prefabs/Worlds/WitchesHut/System/CCCanvas.prefab
  artifactKey: Guid(3af81b2bb22b60348b47e8d0605411fe) Importer(815301076,1909f56bfc062723c751e8b465ee728b)
Start importing Assets/_ARPortal/Prefabs/Worlds/WitchesHut/System/CCCanvas.prefab using Guid(3af81b2bb22b60348b47e8d0605411fe) Importer(815301076,1909f56bfc062723c751e8b465ee728b)  -> (artifact id: 'dfeaf8110f9d0d708fe187892502ab71') in 0.007986 seconds
Number of updated asset objects reloaded before import = 0
Number of asset objects unloaded after import = 15
========================================================================
Received Import Request.
  Time since last request: 0.000029 seconds.
  path: Assets/_ARPortal/Source Files/Models/Witcheshut/CauldronTarget.fbx
  artifactKey: Guid(d2bcb8a54aa973f41a000a0899fe03f7) Importer(815301076,1909f56bfc062723c751e8b465ee728b)
Start importing Assets/_ARPortal/Source Files/Models/Witcheshut/CauldronTarget.fbx using Guid(d2bcb8a54aa973f41a000a0899fe03f7) Importer(815301076,1909f56bfc062723c751e8b465ee728b)  -> (artifact id: '47a5aa51fb41b8f25e41f055add849ae') in 0.015716 seconds
Number of updated asset objects reloaded before import = 0
Number of asset objects unloaded after import = 11
========================================================================
Received Import Request.
  Time since last request: 0.000016 seconds.
  path: Assets/_ARPortal/Prefabs/Worlds/WitchesHut/Stations/Cauldron.prefab
  artifactKey: Guid(8c9051b3ca2d4ed4d8d7a18f8cad0cc5) Importer(815301076,1909f56bfc062723c751e8b465ee728b)
Start importing Assets/_ARPortal/Prefabs/Worlds/WitchesHut/Stations/Cauldron.prefab using Guid(8c9051b3ca2d4ed4d8d7a18f8cad0cc5) Importer(815301076,1909f56bfc062723c751e8b465ee728b)  -> (artifact id: 'bd9e8511bc33ad5c5caeb3d93ad24579') in 0.016799 seconds
Number of updated asset objects reloaded before import = 0
Number of asset objects unloaded after import = 100
========================================================================
Received Import Request.
  Time since last request: 0.000016 seconds.
  path: Assets/_ARPortal/Prefabs/Worlds/WitchesHut/System/CCIndicator.prefab
  artifactKey: Guid(e391440c91e82f8459029f1bce8f6fc2) Importer(815301076,1909f56bfc062723c751e8b465ee728b)
Start importing Assets/_ARPortal/Prefabs/Worlds/WitchesHut/System/CCIndicator.prefab using Guid(e391440c91e82f8459029f1bce8f6fc2) Importer(815301076,1909f56bfc062723c751e8b465ee728b)  -> (artifact id: 'bd2df04d29599c538222a69873a53468') in 0.003332 seconds
Number of updated asset objects reloaded before import = 0
Number of asset objects unloaded after import = 6
========================================================================
Received Import Request.
  Time since last request: 0.000020 seconds.
  path: Assets/_ARPortal/Prefabs/Worlds/WitchesHut/UI/Button.prefab
  artifactKey: Guid(9863883327f4a934f8322795e26762e7) Importer(815301076,1909f56bfc062723c751e8b465ee728b)
Start importing Assets/_ARPortal/Prefabs/Worlds/WitchesHut/UI/Button.prefab using Guid(9863883327f4a934f8322795e26762e7) Importer(815301076,1909f56bfc062723c751e8b465ee728b)  -> (artifact id: 'ee4182104391b4a3dbdb7a22535c8a88') in 0.003930 seconds
Number of updated asset objects reloaded before import = 0
Number of asset objects unloaded after import = 11
========================================================================
Received Import Request.
  Time since last request: 0.777277 seconds.
  path: Assets/_ARPortal/Prefabs/Worlds/JohnLemon/Environment/Dinigroom/Chair_1.prefab
  artifactKey: Guid(18e8f3cf6fe42a7438059622a10c61db) Importer(815301076,1909f56bfc062723c751e8b465ee728b)
Start importing Assets/_ARPortal/Prefabs/Worlds/JohnLemon/Environment/Dinigroom/Chair_1.prefab using Guid(18e8f3cf6fe42a7438059622a10c61db) Importer(815301076,1909f56bfc062723c751e8b465ee728b)  -> (artifact id: '87eb4c69be4c3ca2bdcb15158053fef9') in 0.009885 seconds
Number of updated asset objects reloaded before import = 0
Number of asset objects unloaded after import = 13
========================================================================
Received Import Request.
  Time since last request: 0.044335 seconds.
  path: Assets/_ARPortal/Prefabs/Worlds/JohnLemon/Environment/Dinigroom/Chair_2.prefab
  artifactKey: Guid(63d1dcb66a43f6048b46981a4abc3fff) Importer(815301076,1909f56bfc062723c751e8b465ee728b)
Start importing Assets/_ARPortal/Prefabs/Worlds/JohnLemon/Environment/Dinigroom/Chair_2.prefab using Guid(63d1dcb66a43f6048b46981a4abc3fff) Importer(815301076,1909f56bfc062723c751e8b465ee728b)  -> (artifact id: '6f2f7841f4509694aee71fa77371567d') in 0.009920 seconds
Number of updated asset objects reloaded before import = 0
Number of asset objects unloaded after import = 13
========================================================================
Received Import Request.
  Time since last request: 0.000017 seconds.
  path: Assets/_ARPortal/Prefabs/Worlds/WitchesHut/Ingredients/Cheese.prefab
  artifactKey: Guid(05a1a1043460c314da6c90b8bd7cc28c) Importer(815301076,1909f56bfc062723c751e8b465ee728b)
Start importing Assets/_ARPortal/Prefabs/Worlds/WitchesHut/Ingredients/Cheese.prefab using Guid(05a1a1043460c314da6c90b8bd7cc28c) Importer(815301076,1909f56bfc062723c751e8b465ee728b)  -> (artifact id: '2588f83ce60b5fed6d5180cdb977140a') in 0.002848 seconds
Number of updated asset objects reloaded before import = 0
Number of asset objects unloaded after import = 8
========================================================================
Received Import Request.
  Time since last request: 0.465072 seconds.
  path: Assets/_ARPortal/Source Files/Models/Witcheshut/Chest.fbx
  artifactKey: Guid(1dd0e976dcd6be9438665e568cab31ea) Importer(815301076,1909f56bfc062723c751e8b465ee728b)
Start importing Assets/_ARPortal/Source Files/Models/Witcheshut/Chest.fbx using Guid(1dd0e976dcd6be9438665e568cab31ea) Importer(815301076,1909f56bfc062723c751e8b465ee728b)  -> (artifact id: '7474902222b5633466411cad01a02ebf') in 0.024325 seconds
Number of updated asset objects reloaded before import = 0
Number of asset objects unloaded after import = 16
========================================================================
Received Import Request.
  Time since last request: 0.000019 seconds.
  path: Assets/_ARPortal/Prefabs/Worlds/WitchesHut/Stations/Chest.prefab
  artifactKey: Guid(0d5fafde81cf5664b8cd5516d11976c1) Importer(815301076,1909f56bfc062723c751e8b465ee728b)
Start importing Assets/_ARPortal/Prefabs/Worlds/WitchesHut/Stations/Chest.prefab using Guid(0d5fafde81cf5664b8cd5516d11976c1) Importer(815301076,1909f56bfc062723c751e8b465ee728b)  -> (artifact id: 'e4ce7d35c31bb252561c71ab6da6b756') in 0.010299 seconds
Number of updated asset objects reloaded before import = 0
Number of asset objects unloaded after import = 18
========================================================================
Received Import Request.
  Time since last request: 0.000026 seconds.
  path: Assets/_ARPortal/Prefabs/Worlds/JohnLemon/Environment/Dinigroom/Clock.prefab
  artifactKey: Guid(836b935a856cf8842a48d2069e17341f) Importer(815301076,1909f56bfc062723c751e8b465ee728b)
Start importing Assets/_ARPortal/Prefabs/Worlds/JohnLemon/Environment/Dinigroom/Clock.prefab using Guid(836b935a856cf8842a48d2069e17341f) Importer(815301076,1909f56bfc062723c751e8b465ee728b)  -> (artifact id: '8978f593e21a0bb1c763eb81a7c8716f') in 0.009918 seconds
Number of updated asset objects reloaded before import = 0
Number of asset objects unloaded after import = 14
========================================================================
Received Import Request.
  Time since last request: 0.000021 seconds.
  path: Assets/Samples/OpenXR Plugin/1.9.1/Controller/Prefabs/Controller.prefab
  artifactKey: Guid(81eb8a07f64251845bbe5c9a2ef66920) Importer(815301076,1909f56bfc062723c751e8b465ee728b)
Start importing Assets/Samples/OpenXR Plugin/1.9.1/Controller/Prefabs/Controller.prefab using Guid(81eb8a07f64251845bbe5c9a2ef66920) Importer(815301076,1909f56bfc062723c751e8b465ee728b)  -> (artifact id: '381f0b37c98ac738377e2486f90d4850') in 0.036532 seconds
Number of updated asset objects reloaded before import = 0
Number of asset objects unloaded after import = 543
========================================================================
Received Import Request.
  Time since last request: 0.000028 seconds.
  path: Assets/Samples/OpenXR Plugin/1.9.1/Controller/Prefabs/ControlText.prefab
  artifactKey: Guid(0ff2eaa1d70408346a26179d75252fc4) Importer(815301076,1909f56bfc062723c751e8b465ee728b)
Start importing Assets/Samples/OpenXR Plugin/1.9.1/Controller/Prefabs/ControlText.prefab using Guid(0ff2eaa1d70408346a26179d75252fc4) Importer(815301076,1909f56bfc062723c751e8b465ee728b)  -> (artifact id: 'e3928583c9461a0f9c3f3d3ac6462c07') in 0.002783 seconds
Number of updated asset objects reloaded before import = 0
Number of asset objects unloaded after import = 6
========================================================================
Received Import Request.
  Time since last request: 0.000022 seconds.
  path: Assets/_ARPortal/Prefabs/Worlds/TheStreet/Door.prefab
  artifactKey: Guid(2008108795e01ad47b5e6716acd346b2) Importer(815301076,1909f56bfc062723c751e8b465ee728b)
Start importing Assets/_ARPortal/Prefabs/Worlds/TheStreet/Door.prefab using Guid(2008108795e01ad47b5e6716acd346b2) Importer(815301076,1909f56bfc062723c751e8b465ee728b)  -> (artifact id: '50c92dc7fc30c010e4b337ad52ea0d05') in 0.274529 seconds
Number of updated asset objects reloaded before import = 0
Number of asset objects unloaded after import = 40
========================================================================
Received Import Request.
  Time since last request: 0.000025 seconds.
  path: Assets/_ARPortal/Source Files/Models/Witcheshut/DevilTotem.fbx
  artifactKey: Guid(1821071dd69db7641a890e3392d28503) Importer(815301076,1909f56bfc062723c751e8b465ee728b)
Start importing Assets/_ARPortal/Source Files/Models/Witcheshut/DevilTotem.fbx using Guid(1821071dd69db7641a890e3392d28503) Importer(815301076,1909f56bfc062723c751e8b465ee728b)  -> (artifact id: 'f42c7752d0983c1be308eecdbf50d292') in 0.018006 seconds
Number of updated asset objects reloaded before import = 0
Number of asset objects unloaded after import = 13
========================================================================
Received Import Request.
  Time since last request: 0.000032 seconds.
  path: Assets/Samples/OpenXR Plugin/1.9.1/Controller/Prefabs/ControlRow.prefab
  artifactKey: Guid(b6a26f020d44b1a4aa35cda05851aa22) Importer(815301076,1909f56bfc062723c751e8b465ee728b)
Start importing Assets/Samples/OpenXR Plugin/1.9.1/Controller/Prefabs/ControlRow.prefab using Guid(b6a26f020d44b1a4aa35cda05851aa22) Importer(815301076,1909f56bfc062723c751e8b465ee728b)  -> (artifact id: '1bf192ae0395286a4e541eaff738a095') in 0.003171 seconds
Number of updated asset objects reloaded before import = 0
Number of asset objects unloaded after import = 14
========================================================================
Received Import Request.
  Time since last request: 0.000018 seconds.
  path: Assets/_ARPortal/Source Files/Models/JohnLemon/Corridor/Door.FBX
  artifactKey: Guid(4f50f81dc956a044fa3c905056d1cc4d) Importer(815301076,1909f56bfc062723c751e8b465ee728b)
Start importing Assets/_ARPortal/Source Files/Models/JohnLemon/Corridor/Door.FBX using Guid(4f50f81dc956a044fa3c905056d1cc4d) Importer(815301076,1909f56bfc062723c751e8b465ee728b)  -> (artifact id: '0ac7c9a5deab95dc397a5ee726af519a') in 0.014580 seconds
Number of updated asset objects reloaded before import = 0
Number of asset objects unloaded after import = 13
========================================================================
Received Import Request.
  Time since last request: 0.000021 seconds.
  path: Assets/_ARPortal/Source Files/Models/Witcheshut/Desk.fbx
  artifactKey: Guid(3f6b53ff11f455d4f920d187cb688cbe) Importer(815301076,1909f56bfc062723c751e8b465ee728b)
Start importing Assets/_ARPortal/Source Files/Models/Witcheshut/Desk.fbx using Guid(3f6b53ff11f455d4f920d187cb688cbe) Importer(815301076,1909f56bfc062723c751e8b465ee728b)  -> (artifact id: '9079f811d9fce7f11c008006fae0a073') in 0.121874 seconds
Number of updated asset objects reloaded before import = 0
Number of asset objects unloaded after import = 113
========================================================================
Received Import Request.
  Time since last request: 0.000023 seconds.
  path: Assets/_ARPortal/Prefabs/Worlds/WitchesHut/Stations/Desk.prefab
  artifactKey: Guid(01a64cc768ea0434cb358614311e7565) Importer(815301076,1909f56bfc062723c751e8b465ee728b)
Start importing Assets/_ARPortal/Prefabs/Worlds/WitchesHut/Stations/Desk.prefab using Guid(01a64cc768ea0434cb358614311e7565) Importer(815301076,1909f56bfc062723c751e8b465ee728b)  -> (artifact id: '94fdacec8e25f2f137fe97cb273d13c7') in 0.015203 seconds
Number of updated asset objects reloaded before import = 0
Number of asset objects unloaded after import = 232
========================================================================
Received Import Request.
  Time since last request: 0.000027 seconds.
  path: Assets/_ARPortal/Prefabs/Testing/Debug UI.prefab
  artifactKey: Guid(64859e4afa563934ab64a0abb1ca7a60) Importer(815301076,1909f56bfc062723c751e8b465ee728b)
Start importing Assets/_ARPortal/Prefabs/Testing/Debug UI.prefab using Guid(64859e4afa563934ab64a0abb1ca7a60) Importer(815301076,1909f56bfc062723c751e8b465ee728b)  -> (artifact id: '6c587cafe6fa7209c5f32d25469ae61f') in 0.004573 seconds
Number of updated asset objects reloaded before import = 0
Number of asset objects unloaded after import = 19
========================================================================
Received Import Request.
  Time since last request: 0.000023 seconds.
  path: Assets/_ARPortal/Source Files/VFX/Dust/DustParticles.prefab
  artifactKey: Guid(375c807b465f68d4889b7ba4d5014197) Importer(815301076,1909f56bfc062723c751e8b465ee728b)
Start importing Assets/_ARPortal/Source Files/VFX/Dust/DustParticles.prefab using Guid(375c807b465f68d4889b7ba4d5014197) Importer(815301076,1909f56bfc062723c751e8b465ee728b)  -> (artifact id: '69c32a82efda827b74fb510507a6ebf5') in 0.341009 seconds
Number of updated asset objects reloaded before import = 0
Number of asset objects unloaded after import = 9
========================================================================
Received Import Request.
  Time since last request: 115.592961 seconds.
  path: Assets/Scenes/target.png
  artifactKey: Guid(e77fee0d41046a9428d40cab02bcaf63) Importer(815301076,1909f56bfc062723c751e8b465ee728b)
Start importing Assets/Scenes/target.png using Guid(e77fee0d41046a9428d40cab02bcaf63) Importer(815301076,1909f56bfc062723c751e8b465ee728b)  -> (artifact id: '1c57674a7fdb1bb4d273a36c84522bd0') in 0.017756 seconds
Number of updated asset objects reloaded before import = 0
Number of asset objects unloaded after import = 2
========================================================================
Received Prepare
Begin MonoManager ReloadAssembly
Symbol file LoadedFromMemory is not a mono symbol file
- Loaded All Assemblies, in  0.684 seconds
Refreshing native plugins compatible for Editor in 22.44 ms, found 11 plugins.
Native extension for WindowsStandalone target not found
[Package Manager] Server::EnsureServerProcessIsRunning -- launch failed, reason: Unity was launched with the -noUpm command-line argument
[Package Manager] UpmClient::Send -- Unable to send message (not connected to UPM process).
[Package Manager] Cannot connect to Unity Package Manager local server
System.Exception: Error! Visual Scripting: couldn't find visual scripting package
  at Unity.VisualScripting.PackageVersionUtility.get_version () [0x00043] in .\Library\PackageCache\com.unity.visualscripting@1.9.1\Editor\VisualScripting.Core\Utilities\PackageVersionUtility.cs:31 
  at Unity.VisualScripting.BoltCoreManifest.get_version () [0x00000] in .\Library\PackageCache\com.unity.visualscripting@1.9.1\Editor\VisualScripting.Core\Plugin\BoltCoreManifest.cs:11 
  at Unity.VisualScripting.PluginManifest.get_currentVersion () [0x00000] in .\Library\PackageCache\com.unity.visualscripting@1.9.1\Editor\VisualScripting.Core\Plugins\PluginManifest.cs:33 
  at Unity.VisualScripting.PluginManifest.get_versionMismatch () [0x00000] in .\Library\PackageCache\com.unity.visualscripting@1.9.1\Editor\VisualScripting.Core\Plugins\PluginManifest.cs:48 
  at Unity.VisualScripting.PluginContainer.Initialize () [0x00525] in .\Library\PackageCache\com.unity.visualscripting@1.9.1\Editor\VisualScripting.Core\Plugins\PluginContainer.cs:208 
  at Unity.VisualScripting.PluginContainer.InitializeOnLoad () [0x00009] in .\Library\PackageCache\com.unity.visualscripting@1.9.1\Editor\VisualScripting.Core\Plugins\PluginContainer.cs:32 
  at Unity.VisualScripting.VSUsageUtility.DoInitializeOnLoadCalls () [0x00034] in .\Library\PackageCache\com.unity.visualscripting@1.9.1\Editor\VisualScripting.Core\Utilities\VSUsageUtility.cs:76 
  at Unity.VisualScripting.VSUsageUtility.set_isVisualScriptingUsed (System.Boolean value) [0x0002c] in .\Library\PackageCache\com.unity.visualscripting@1.9.1\Editor\VisualScripting.Core\Utilities\VSUsageUtility.cs:114 
  at Unity.VisualScripting.VSUsageUtility.CheckAndSetIsVisualScriptingUsed () [0x0000d] in .\Library\PackageCache\com.unity.visualscripting@1.9.1\Editor\VisualScripting.Core\Utilities\VSUsageUtility.cs:33 
  at Unity.VisualScripting.VSUsageUtility..cctor () [0x00000] in .\Library\PackageCache\com.unity.visualscripting@1.9.1\Editor\VisualScripting.Core\Utilities\VSUsageUtility.cs:22 
UnityEngine.StackTraceUtility:ExtractStackTrace ()
UnityEngine.DebugLogHandler:LogFormat (UnityEngine.LogType,UnityEngine.Object,string,object[])
UnityEngine.Logger:Log (UnityEngine.LogType,object)
UnityEngine.Debug:LogError (object)
UnityEditor.EditorAssemblies:ProcessInitializeOnLoadAttributes (System.Type[])

[Package Manager] Server::EnsureServerProcessIsRunning -- launch failed, reason: Unity was launched with the -noUpm command-line argument
[Package Manager] UpmClient::Send -- Unable to send message (not connected to UPM process).
[Package Manager] Cannot connect to Unity Package Manager local server
Mono: successfully reloaded assembly
[Package Manager] Server::EnsureServerProcessIsRunning -- launch failed, reason: Unity was launched with the -noUpm command-line argument
[Package Manager] UpmClient::Send -- Unable to send message (not connected to UPM process).
[Package Manager] Cannot connect to Unity Package Manager local server
- Finished resetting the current domain, in  4.891 seconds
Domain Reload Profiling: 5565ms
	BeginReloadAssembly (213ms)
		ExecutionOrderSort (0ms)
		DisableScriptedObjects (9ms)
		BackupInstance (0ms)
		ReleaseScriptingObjects (0ms)
		CreateAndSetChildDomain (70ms)
	RebuildCommonClasses (27ms)
	RebuildNativeTypeToScriptingClass (10ms)
	initialDomainReloadingComplete (50ms)
	LoadAllAssembliesAndSetupDomain (374ms)
		LoadAssemblies (385ms)
		RebuildTransferFunctionScriptingTraits (0ms)
		AnalyzeDomain (68ms)
			TypeCache.Refresh (16ms)
				TypeCache.ScanAssembly (1ms)
			ScanForSourceGeneratedMonoScriptInfo (33ms)
			ResolveRequiredComponents (16ms)
	FinalizeReload (4891ms)
		ReleaseScriptCaches (0ms)
		RebuildScriptCaches (0ms)
		SetupLoadedEditorAssemblies (2387ms)
			LogAssemblyErrors (0ms)
			InitializePlatformSupportModulesInManaged (5ms)
			SetLoadedEditorAssemblies (5ms)
			RefreshPlugins (0ms)
			BeforeProcessingInitializeOnLoad (126ms)
			ProcessInitializeOnLoadAttributes (512ms)
			ProcessInitializeOnLoadMethodAttributes (1732ms)
			AfterProcessingInitializeOnLoad (7ms)
			EditorAssembliesLoaded (0ms)
		ExecutionOrderSort2 (0ms)
		AwakeInstancesAfterBackupRestoration (20ms)
Refreshing native plugins compatible for Editor in 19.37 ms, found 11 plugins.
Preloading 0 native plugins for Editor in 0.00 ms.
Unloading 7592 Unused Serialized files (Serialized files now loaded: 0)
Unloading 337 unused Assets / (4.2 MB). Loaded Objects now: 8126.
Memory consumption went from 284.2 MB to 280.1 MB.
Total: 17.453800 ms (FindLiveObjects: 0.653400 ms CreateObjectMapping: 0.311400 ms MarkObjects: 14.430900 ms  DeleteObjects: 2.056600 ms)

Prepare: number of updated asset objects reloaded= 0
AssetImportParameters requested are different than current active one (requested -> active):
  custom:container-demuxer-ogg: 62fdf1f143b41e24485cea50d1cbac27 -> 
  custom:framework-win-MediaFoundation: 216162199b28c13a410421893ffa2e32 -> 
  custom:container-muxer-webm: aa71ff27fc2769a1b78a27578f13a17b -> 
  custom:video-decoder-webm-vp8: 9c59270c3fd7afecdb556c50c9e8de78 -> 
  custom:SearchIndexIgnoredProperties: e643bd26f0fe6173181afceb89e7c659 -> 
  custom:AudioImporter_EditorPlatform: d09bf68614088b80899f8185d706f6e7 -> 
  custom:audio-decoder-ogg-vorbis: bf7c407c2cedff20999df2af8eb42d56 -> 
  custom:audio-encoder-webm-vorbis: bf7c407c2cedff20999df2af8eb42d56 -> 
  custom:video-decoder-ogg-theora: a1e56fd34408186e4bbccfd4996cb3dc -> 
  custom:CustomObjectIndexerAttribute: d54d2f2da18e7612c182cf67624b6b12 -> 
  custom:container-demuxer-webm: 4f35f7cbe854078d1ac9338744f61a02 -> 
  custom:video-encoder-webm-vp8: eb34c28f22e8b96e1ab97ce403110664 -> 
