Using pre-set license
Built from '2022.3/staging' branch; Version is '2022.3.3f1 (7cdc2969a641) revision 8182825'; Using compiler version '192829333'; Build Type 'Release'
OS: 'Windows 11  (10.0.22000) 64bit CoreSingleLanguage' Language: 'en' Physical Memory: 12154 MB
BatchMode: 1, IsHumanControllingUs: 0, StartBugReporterOnCrash: 0, Is64bit: 1, IsPro: 1

COMMAND LINE ARGUMENTS:
C:\Program Files\Unity\Hub\Editor\2022.3.3f1\Editor\Unity.exe
-adb2
-batchMode
-noUpm
-name
AssetImportWorker3
-projectPath
D:/Projects/Augmented Chess/3D-Chess-Unity
-logFile
Logs/AssetImportWorker3.log
-srvPort
43438
Successfully changed project path to: D:/Projects/Augmented Chess/3D-Chess-Unity
D:/Projects/Augmented Chess/3D-Chess-Unity
[UnityMemory] Configuration Parameters - Can be set up in boot.config
    "memorysetup-bucket-allocator-granularity=16"
    "memorysetup-bucket-allocator-bucket-count=8"
    "memorysetup-bucket-allocator-block-size=33554432"
    "memorysetup-bucket-allocator-block-count=8"
    "memorysetup-main-allocator-block-size=16777216"
    "memorysetup-thread-allocator-block-size=16777216"
    "memorysetup-gfx-main-allocator-block-size=16777216"
    "memorysetup-gfx-thread-allocator-block-size=16777216"
    "memorysetup-cache-allocator-block-size=4194304"
    "memorysetup-typetree-allocator-block-size=2097152"
    "memorysetup-profiler-bucket-allocator-granularity=16"
    "memorysetup-profiler-bucket-allocator-bucket-count=8"
    "memorysetup-profiler-bucket-allocator-block-size=33554432"
    "memorysetup-profiler-bucket-allocator-block-count=8"
    "memorysetup-profiler-allocator-block-size=16777216"
    "memorysetup-profiler-editor-allocator-block-size=1048576"
    "memorysetup-temp-allocator-size-main=16777216"
    "memorysetup-job-temp-allocator-block-size=2097152"
    "memorysetup-job-temp-allocator-block-size-background=1048576"
    "memorysetup-job-temp-allocator-reduction-small-platforms=262144"
    "memorysetup-allocator-temp-initial-block-size-main=262144"
    "memorysetup-allocator-temp-initial-block-size-worker=262144"
    "memorysetup-temp-allocator-size-background-worker=32768"
    "memorysetup-temp-allocator-size-job-worker=262144"
    "memorysetup-temp-allocator-size-preload-manager=33554432"
    "memorysetup-temp-allocator-size-nav-mesh-worker=65536"
    "memorysetup-temp-allocator-size-audio-worker=65536"
    "memorysetup-temp-allocator-size-cloud-worker=32768"
    "memorysetup-temp-allocator-size-gi-baking-worker=262144"
    "memorysetup-temp-allocator-size-gfx=262144"
Player connection [5072] Host "[IP] 192.168.56.1 [Port] 0 [Flags] 2 [Guid] 3999862345 [EditorId] 3999862345 [Version] 1048832 [Id] WindowsEditor(7,DESKTOP-3DDDG67) [Debug] 1 [PackageName] WindowsEditor [ProjectName] Editor" joined multi-casting on [225.0.0.222:54997]...

Player connection [5072] Host "[IP] 192.168.56.1 [Port] 0 [Flags] 2 [Guid] 3999862345 [EditorId] 3999862345 [Version] 1048832 [Id] WindowsEditor(7,DESKTOP-3DDDG67) [Debug] 1 [PackageName] WindowsEditor [ProjectName] Editor" joined alternative multi-casting on [225.0.0.222:34997]...

Refreshing native plugins compatible for Editor in 12.14 ms, found 0 plugins.
Preloading 0 native plugins for Editor in 0.00 ms.
Initialize engine version: 2022.3.3f1 (7cdc2969a641)
[Subsystems] Discovering subsystems at path C:/Program Files/Unity/Hub/Editor/2022.3.3f1/Editor/Data/Resources/UnitySubsystems
[Subsystems] Discovering subsystems at path D:/Projects/Augmented Chess/3D-Chess-Unity/Assets
GfxDevice: creating device client; threaded=0; jobified=0
Direct3D:
    Version:  Direct3D 11.0 [level 11.1]
    Renderer: Intel(R) HD Graphics 620 (ID=0x5916)
    Vendor:   Intel
    VRAM:     6077 MB
    Driver:   31.0.101.2111
Initialize mono
Mono path[0] = 'C:/Program Files/Unity/Hub/Editor/2022.3.3f1/Editor/Data/Managed'
Mono path[1] = 'C:/Program Files/Unity/Hub/Editor/2022.3.3f1/Editor/Data/MonoBleedingEdge/lib/mono/unityjit-win32'
Mono config path = 'C:/Program Files/Unity/Hub/Editor/2022.3.3f1/Editor/Data/MonoBleedingEdge/etc'
Using monoOptions --debugger-agent=transport=dt_socket,embedding=1,server=y,suspend=n,address=127.0.0.1:56936
Begin MonoManager ReloadAssembly
Registering precompiled unity dll's ...
Register platform support module: C:/Program Files/Unity/Hub/Editor/2022.3.3f1/Editor/Data/PlaybackEngines/WebGLSupport/UnityEditor.WebGL.Extensions.dll
Register platform support module: C:/Program Files/Unity/Hub/Editor/2022.3.3f1/Editor/Data/PlaybackEngines/WindowsStandaloneSupport/UnityEditor.WindowsStandalone.Extensions.dll
Registered in 0.014129 seconds.
- Loaded All Assemblies, in  0.607 seconds
Native extension for WindowsStandalone target not found
Native extension for WebGL target not found
Mono: successfully reloaded assembly
- Finished resetting the current domain, in  0.426 seconds
Domain Reload Profiling: 1030ms
	BeginReloadAssembly (155ms)
		ExecutionOrderSort (0ms)
		DisableScriptedObjects (0ms)
		BackupInstance (0ms)
		ReleaseScriptingObjects (0ms)
		CreateAndSetChildDomain (1ms)
	RebuildCommonClasses (60ms)
	RebuildNativeTypeToScriptingClass (23ms)
	initialDomainReloadingComplete (100ms)
	LoadAllAssembliesAndSetupDomain (265ms)
		LoadAssemblies (150ms)
		RebuildTransferFunctionScriptingTraits (0ms)
		AnalyzeDomain (255ms)
			TypeCache.Refresh (254ms)
				TypeCache.ScanAssembly (236ms)
			ScanForSourceGeneratedMonoScriptInfo (1ms)
			ResolveRequiredComponents (1ms)
	FinalizeReload (426ms)
		ReleaseScriptCaches (0ms)
		RebuildScriptCaches (0ms)
		SetupLoadedEditorAssemblies (335ms)
			LogAssemblyErrors (0ms)
			InitializePlatformSupportModulesInManaged (27ms)
			SetLoadedEditorAssemblies (11ms)
			RefreshPlugins (0ms)
			BeforeProcessingInitializeOnLoad (6ms)
			ProcessInitializeOnLoadAttributes (218ms)
			ProcessInitializeOnLoadMethodAttributes (73ms)
			AfterProcessingInitializeOnLoad (0ms)
			EditorAssembliesLoaded (0ms)
		ExecutionOrderSort2 (0ms)
		AwakeInstancesAfterBackupRestoration (0ms)
========================================================================
Worker process is ready to serve import requests
Begin MonoManager ReloadAssembly
- Loaded All Assemblies, in  0.801 seconds
Refreshing native plugins compatible for Editor in 2.17 ms, found 0 plugins.
Native extension for WindowsStandalone target not found
Native extension for WebGL target not found
Mono: successfully reloaded assembly
- Finished resetting the current domain, in  0.518 seconds
Domain Reload Profiling: 1316ms
	BeginReloadAssembly (218ms)
		ExecutionOrderSort (0ms)
		DisableScriptedObjects (9ms)
		BackupInstance (0ms)
		ReleaseScriptingObjects (0ms)
		CreateAndSetChildDomain (30ms)
	RebuildCommonClasses (52ms)
	RebuildNativeTypeToScriptingClass (17ms)
	initialDomainReloadingComplete (65ms)
	LoadAllAssembliesAndSetupDomain (446ms)
		LoadAssemblies (288ms)
		RebuildTransferFunctionScriptingTraits (0ms)
		AnalyzeDomain (259ms)
			TypeCache.Refresh (242ms)
				TypeCache.ScanAssembly (230ms)
			ScanForSourceGeneratedMonoScriptInfo (15ms)
			ResolveRequiredComponents (1ms)
	FinalizeReload (518ms)
		ReleaseScriptCaches (0ms)
		RebuildScriptCaches (0ms)
		SetupLoadedEditorAssemblies (323ms)
			LogAssemblyErrors (0ms)
			InitializePlatformSupportModulesInManaged (11ms)
			SetLoadedEditorAssemblies (4ms)
			RefreshPlugins (0ms)
			BeforeProcessingInitializeOnLoad (70ms)
			ProcessInitializeOnLoadAttributes (189ms)
			ProcessInitializeOnLoadMethodAttributes (37ms)
			AfterProcessingInitializeOnLoad (12ms)
			EditorAssembliesLoaded (0ms)
		ExecutionOrderSort2 (0ms)
		AwakeInstancesAfterBackupRestoration (10ms)
Launched and connected shader compiler UnityShaderCompiler.exe after 0.06 seconds
Refreshing native plugins compatible for Editor in 2.19 ms, found 0 plugins.
Preloading 0 native plugins for Editor in 0.00 ms.
Unloading 1110 Unused Serialized files (Serialized files now loaded: 0)
Unloading 31 unused Assets / (305.1 KB). Loaded Objects now: 1577.
Memory consumption went from 72.5 MB to 72.2 MB.
Total: 3.344700 ms (FindLiveObjects: 0.164600 ms CreateObjectMapping: 0.068400 ms MarkObjects: 2.849700 ms  DeleteObjects: 0.260700 ms)

AssetImportParameters requested are different than current active one (requested -> active):
  custom:video-encoder-webm-vp8: eb34c28f22e8b96e1ab97ce403110664 -> 
  custom:video-decoder-webm-vp8: 9c59270c3fd7afecdb556c50c9e8de78 -> 
  custom:audio-decoder-ogg-vorbis: bf7c407c2cedff20999df2af8eb42d56 -> 
  custom:container-demuxer-ogg: 62fdf1f143b41e24485cea50d1cbac27 -> 
  custom:AudioImporter_EditorPlatform: d09bf68614088b80899f8185d706f6e7 -> 
  custom:container-demuxer-webm: 4f35f7cbe854078d1ac9338744f61a02 -> 
  custom:video-decoder-ogg-theora: a1e56fd34408186e4bbccfd4996cb3dc -> 
  custom:audio-encoder-webm-vorbis: bf7c407c2cedff20999df2af8eb42d56 -> 
  custom:framework-win-MediaFoundation: 216162199b28c13a410421893ffa2e32 -> 
  custom:container-muxer-webm: aa71ff27fc2769a1b78a27578f13a17b -> 
========================================================================
Received Import Request.
  Time since last request: 1310171.019737 seconds.
  path: Assets/Prefabs/White_Knight.prefab
  artifactKey: Guid(fe2fad4d2c1535a4b9cd9a8e8fa64a7e) Importer(815301076,1909f56bfc062723c751e8b465ee728b)
Start importing Assets/Prefabs/White_Knight.prefab using Guid(fe2fad4d2c1535a4b9cd9a8e8fa64a7e) Importer(815301076,1909f56bfc062723c751e8b465ee728b)  -> (artifact id: '20bcbef35b6b6db3c98bac43e7947899') in 0.318839 seconds
Number of updated asset objects reloaded before import = 0
Number of asset objects unloaded after import = 12
========================================================================
Received Import Request.
  Time since last request: 6.771682 seconds.
  path: Assets/Prefabs/Black_Knight.prefab
  artifactKey: Guid(3cee9b547a45f1e47b92660172edb0ac) Importer(815301076,1909f56bfc062723c751e8b465ee728b)
Start importing Assets/Prefabs/Black_Knight.prefab using Guid(3cee9b547a45f1e47b92660172edb0ac) Importer(815301076,1909f56bfc062723c751e8b465ee728b)  -> (artifact id: '44d58f812f25c022e9e1f344a00386fa') in 0.052226 seconds
Number of updated asset objects reloaded before import = 0
Number of asset objects unloaded after import = 13
========================================================================
Received Import Request.
  Time since last request: 0.000028 seconds.
  path: Assets/Prefabs/Black_Rook.prefab
  artifactKey: Guid(d10c8c5c8455c4e498b531b6d1ebfcb9) Importer(815301076,1909f56bfc062723c751e8b465ee728b)
Start importing Assets/Prefabs/Black_Rook.prefab using Guid(d10c8c5c8455c4e498b531b6d1ebfcb9) Importer(815301076,1909f56bfc062723c751e8b465ee728b)  -> (artifact id: 'cbfed79fbff70676d89c681ed5803948') in 0.054160 seconds
Number of updated asset objects reloaded before import = 0
Number of asset objects unloaded after import = 13
========================================================================
Received Import Request.
  Time since last request: 4.790358 seconds.
  path: Assets/Prefabs/Black_Knight.prefab
  artifactKey: Guid(3cee9b547a45f1e47b92660172edb0ac) Importer(815301076,1909f56bfc062723c751e8b465ee728b)
Start importing Assets/Prefabs/Black_Knight.prefab using Guid(3cee9b547a45f1e47b92660172edb0ac) Importer(815301076,1909f56bfc062723c751e8b465ee728b)  -> (artifact id: 'c581368b705e754f19b5c93201c2d95f') in 0.059033 seconds
Number of updated asset objects reloaded before import = 0
Number of asset objects unloaded after import = 14
========================================================================
Received Prepare
Begin MonoManager ReloadAssembly
- Loaded All Assemblies, in  1.199 seconds
Refreshing native plugins compatible for Editor in 4.07 ms, found 0 plugins.
Native extension for WindowsStandalone target not found
Native extension for WebGL target not found
Mono: successfully reloaded assembly
- Finished resetting the current domain, in  2.123 seconds
Domain Reload Profiling: 3320ms
	BeginReloadAssembly (332ms)
		ExecutionOrderSort (0ms)
		DisableScriptedObjects (8ms)
		BackupInstance (0ms)
		ReleaseScriptingObjects (0ms)
		CreateAndSetChildDomain (72ms)
	RebuildCommonClasses (88ms)
	RebuildNativeTypeToScriptingClass (36ms)
	initialDomainReloadingComplete (86ms)
	LoadAllAssembliesAndSetupDomain (652ms)
		LoadAssemblies (413ms)
		RebuildTransferFunctionScriptingTraits (0ms)
		AnalyzeDomain (410ms)
			TypeCache.Refresh (406ms)
				TypeCache.ScanAssembly (385ms)
			ScanForSourceGeneratedMonoScriptInfo (0ms)
			ResolveRequiredComponents (4ms)
	FinalizeReload (2125ms)
		ReleaseScriptCaches (0ms)
		RebuildScriptCaches (0ms)
		SetupLoadedEditorAssemblies (1265ms)
			LogAssemblyErrors (0ms)
			InitializePlatformSupportModulesInManaged (42ms)
			SetLoadedEditorAssemblies (17ms)
			RefreshPlugins (0ms)
			BeforeProcessingInitializeOnLoad (227ms)
			ProcessInitializeOnLoadAttributes (729ms)
			ProcessInitializeOnLoadMethodAttributes (191ms)
			AfterProcessingInitializeOnLoad (59ms)
			EditorAssembliesLoaded (1ms)
		ExecutionOrderSort2 (0ms)
		AwakeInstancesAfterBackupRestoration (37ms)
Refreshing native plugins compatible for Editor in 15.77 ms, found 0 plugins.
Preloading 0 native plugins for Editor in 0.00 ms.
Unloading 1101 Unused Serialized files (Serialized files now loaded: 0)
Unloading 17 unused Assets / (309.8 KB). Loaded Objects now: 1588.
Memory consumption went from 75.2 MB to 74.9 MB.
Total: 10.504900 ms (FindLiveObjects: 0.272800 ms CreateObjectMapping: 0.110900 ms MarkObjects: 8.491800 ms  DeleteObjects: 1.626600 ms)

Prepare: number of updated asset objects reloaded= 0
AssetImportParameters requested are different than current active one (requested -> active):
  custom:video-encoder-webm-vp8: eb34c28f22e8b96e1ab97ce403110664 -> 
  custom:video-decoder-webm-vp8: 9c59270c3fd7afecdb556c50c9e8de78 -> 
  custom:audio-decoder-ogg-vorbis: bf7c407c2cedff20999df2af8eb42d56 -> 
  custom:container-demuxer-ogg: 62fdf1f143b41e24485cea50d1cbac27 -> 
  custom:AudioImporter_EditorPlatform: d09bf68614088b80899f8185d706f6e7 -> 
  custom:container-demuxer-webm: 4f35f7cbe854078d1ac9338744f61a02 -> 
  custom:video-decoder-ogg-theora: a1e56fd34408186e4bbccfd4996cb3dc -> 
  custom:audio-encoder-webm-vorbis: bf7c407c2cedff20999df2af8eb42d56 -> 
  custom:framework-win-MediaFoundation: 216162199b28c13a410421893ffa2e32 -> 
  custom:container-muxer-webm: aa71ff27fc2769a1b78a27578f13a17b -> 
========================================================================
Received Import Request.
  Time since last request: 45.627314 seconds.
  path: Assets/GPVFX_3D Chess Set/3D/Materials/Chessboard Base_Painted.001.mat
  artifactKey: Guid(7abefe611634c5440a060bf141e10ec6) Importer(815301076,1909f56bfc062723c751e8b465ee728b)
Start importing Assets/GPVFX_3D Chess Set/3D/Materials/Chessboard Base_Painted.001.mat using Guid(7abefe611634c5440a060bf141e10ec6) Importer(815301076,1909f56bfc062723c751e8b465ee728b)  -> (artifact id: '4e61993d344f27c9660de5962421ccbe') in 0.464924 seconds
Number of updated asset objects reloaded before import = 0
Number of asset objects unloaded after import = 2
========================================================================
Received Import Request.
  Time since last request: 0.000039 seconds.
  path: Assets/GPVFX_3D Chess Set/3D/Materials/White_Board.001.mat
  artifactKey: Guid(8727d07ea7a48614f96e93355320fd26) Importer(815301076,1909f56bfc062723c751e8b465ee728b)
Start importing Assets/GPVFX_3D Chess Set/3D/Materials/White_Board.001.mat using Guid(8727d07ea7a48614f96e93355320fd26) Importer(815301076,1909f56bfc062723c751e8b465ee728b)  -> (artifact id: 'a09dd1208e46e3d677fa4eb744acf4c4') in 0.071767 seconds
Number of updated asset objects reloaded before import = 0
Number of asset objects unloaded after import = 1
========================================================================
Received Import Request.
  Time since last request: 0.000404 seconds.
  path: Assets/GPVFX_3D Chess Set/3D/Materials/WHITE_PRIMARY.001.mat
  artifactKey: Guid(f0769a0445f2fb2408b892b5e27edc2b) Importer(815301076,1909f56bfc062723c751e8b465ee728b)
Start importing Assets/GPVFX_3D Chess Set/3D/Materials/WHITE_PRIMARY.001.mat using Guid(f0769a0445f2fb2408b892b5e27edc2b) Importer(815301076,1909f56bfc062723c751e8b465ee728b)  -> (artifact id: 'c3396b9913ab582414b25b1af7c2c1e0') in 0.067004 seconds
Number of updated asset objects reloaded before import = 0
Number of asset objects unloaded after import = 2
========================================================================
Received Import Request.
  Time since last request: 0.000023 seconds.
  path: Assets/GPVFX_3D Chess Set/3D/Materials/Gold.002.mat
  artifactKey: Guid(54c95669fa9660e43b831e522509b77e) Importer(815301076,1909f56bfc062723c751e8b465ee728b)
Start importing Assets/GPVFX_3D Chess Set/3D/Materials/Gold.002.mat using Guid(54c95669fa9660e43b831e522509b77e) Importer(815301076,1909f56bfc062723c751e8b465ee728b)  -> (artifact id: '77727bf1d15267f5cbb758253ea96623') in 0.050156 seconds
Number of updated asset objects reloaded before import = 0
Number of asset objects unloaded after import = 1
========================================================================
Received Import Request.
  Time since last request: 0.000106 seconds.
  path: Assets/GPVFX_3D Chess Set/3D/Materials/Material.019.mat
  artifactKey: Guid(2d7a56d1a8455424697843210a7bcfe2) Importer(815301076,1909f56bfc062723c751e8b465ee728b)
Start importing Assets/GPVFX_3D Chess Set/3D/Materials/Material.019.mat using Guid(2d7a56d1a8455424697843210a7bcfe2) Importer(815301076,1909f56bfc062723c751e8b465ee728b)  -> (artifact id: '3d4285f80d1fecfb192573bf16841884') in 0.056163 seconds
Number of updated asset objects reloaded before import = 0
Number of asset objects unloaded after import = 1
========================================================================
Received Import Request.
  Time since last request: 2.356594 seconds.
  path: Assets/GPVFX_3D Chess Set/3D/Materials/Textures/TexturesCom_Marble Polished Dark_diffuse_S.tiff
  artifactKey: Guid(1f58a548bbaff4a95a8a8a1a67562d5b) Importer(815301076,1909f56bfc062723c751e8b465ee728b)
Start importing Assets/GPVFX_3D Chess Set/3D/Materials/Textures/TexturesCom_Marble Polished Dark_diffuse_S.tiff using Guid(1f58a548bbaff4a95a8a8a1a67562d5b) Importer(815301076,1909f56bfc062723c751e8b465ee728b)  -> (artifact id: '7402f5283ab2017651116591a12ebf1b') in 0.071351 seconds
Number of updated asset objects reloaded before import = 0
Number of asset objects unloaded after import = 2
========================================================================
Received Import Request.
  Time since last request: 0.000023 seconds.
  path: Assets/GPVFX_3D Chess Set/3D/Materials/Textures/TexturesCom_Marble Polished White 2_normalmap_S.tiff
  artifactKey: Guid(c258689f69bdf4f3c9c06075929e847c) Importer(815301076,1909f56bfc062723c751e8b465ee728b)
Start importing Assets/GPVFX_3D Chess Set/3D/Materials/Textures/TexturesCom_Marble Polished White 2_normalmap_S.tiff using Guid(c258689f69bdf4f3c9c06075929e847c) Importer(815301076,1909f56bfc062723c751e8b465ee728b)  -> (artifact id: '583af61aa243b629bbc3f00c49cd6abb') in 0.080176 seconds
Number of updated asset objects reloaded before import = 0
Number of asset objects unloaded after import = 2
========================================================================
Received Import Request.
  Time since last request: 0.000035 seconds.
  path: Assets/GPVFX_3D Chess Set/3D/Materials/Textures/TexturesCom_Marble Polished White 2_diffuse_S.tiff
  artifactKey: Guid(5e5b4aa08c56e4403bc302f81a80de06) Importer(815301076,1909f56bfc062723c751e8b465ee728b)
Start importing Assets/GPVFX_3D Chess Set/3D/Materials/Textures/TexturesCom_Marble Polished White 2_diffuse_S.tiff using Guid(5e5b4aa08c56e4403bc302f81a80de06) Importer(815301076,1909f56bfc062723c751e8b465ee728b)  -> (artifact id: '9762daad2388a9054dbd067ebd829bdc') in 0.059592 seconds
Number of updated asset objects reloaded before import = 0
Number of asset objects unloaded after import = 2
Editor requested this worker to shutdown with reason: Scaling down because of idle timeout
TcpMessagingSession - receive error: operation aborted. errorcode: 995, details: The I/O operation has been aborted because of either a thread exit or an application request.
AssetImportWorker is now disconnected from the server
Process exiting
Exiting without the bug reporter. Application will terminate with return code 0